This file contains any messages produced by compilers while
running configure, to aid debugging if configure makes a mistake.

It was created by configure, which was
generated by GNU Autoconf 2.68.  Invocation command line was

  $ ./configure --with-flavor=gcc64dbg

## --------- ##
## Platform. ##
## --------- ##

hostname = localhost.localdomain
uname -m = x86_64
uname -r = 2.6.32-358.el6.x86_64
uname -s = Linux
uname -v = #1 SMP Fri Feb 22 00:31:26 UTC 2013

/usr/bin/uname -p = unknown
/bin/uname -X     = unknown

/bin/arch              = x86_64
/usr/bin/arch -k       = unknown
/usr/convex/getsysinfo = unknown
/usr/bin/hostinfo      = unknown
/bin/machine           = unknown
/usr/bin/oslevel       = unknown
/bin/universe          = unknown

PATH: /usr/local/sbin
PATH: /usr/sbin
PATH: /sbin
PATH: /usr/local/bin
PATH: /usr/bin
PATH: /bin
PATH: /root/bin
PATH: /root/bin
PATH: /usr/local/globus-5.2.4/sbin
PATH: /usr/local/globus-5.2.4/bin
PATH: /root/ts


## ----------- ##
## Core tests. ##
## ----------- ##

configure:2178: checking whether to enable maintainer-specific portions of Makefiles
configure:2187: result: no
configure:2688: checking build system type
configure:2702: result: x86_64-unknown-linux-gnu
configure:2722: checking host system type
configure:2735: result: x86_64-unknown-linux-gnu
configure:2776: checking how to print strings
configure:2803: result: printf
configure:2872: checking for gcc
configure:2899: result: /usr/bin/gcc
configure:3128: checking for C compiler version
configure:3137: /usr/bin/gcc --version >&5
gcc (GCC) 4.4.7 20120313 (Red Hat 4.4.7-3)
Copyright (C) 2010 Free Software Foundation, Inc.
This is free software; see the source for copying conditions.  There is NO
warranty; not even for MERCHANTABILITY or FITNESS FOR A PARTICULAR PURPOSE.

configure:3148: $? = 0
configure:3137: /usr/bin/gcc -v >&5
Using built-in specs.
Target: x86_64-redhat-linux
Configured with: ../configure --prefix=/usr --mandir=/usr/share/man --infodir=/usr/share/info --with-bugurl=http://bugzilla.redhat.com/bugzilla --enable-bootstrap --enable-shared --enable-threads=posix --enable-checking=release --with-system-zlib --enable-__cxa_atexit --disable-libunwind-exceptions --enable-gnu-unique-object --enable-languages=c,c++,objc,obj-c++,java,fortran,ada --enable-java-awt=gtk --disable-dssi --with-java-home=/usr/lib/jvm/java-1.5.0-gcj-1.5.0.0/jre --enable-libgcj-multifile --enable-java-maintainer-mode --with-ecj-jar=/usr/share/java/eclipse-ecj.jar --disable-libjava-multilib --with-ppl --with-cloog --with-tune=generic --with-arch_32=i686 --build=x86_64-redhat-linux
Thread model: posix
gcc version 4.4.7 20120313 (Red Hat 4.4.7-3) (GCC) 
configure:3148: $? = 0
configure:3137: /usr/bin/gcc -V >&5
gcc: '-V' option must have argument
configure:3148: $? = 1
configure:3137: /usr/bin/gcc -qversion >&5
gcc: unrecognized option '-qversion'
gcc: no input files
configure:3148: $? = 1
configure:3168: checking whether the C compiler works
configure:3190: /usr/bin/gcc -g   -m64  -Wall  -I/usr/local/globus-5.2.4/include/globus -I/usr/local/globus-5.2.4/include/globus/gcc64dbg  -L/usr/local/globus-5.2.4/lib64  -m64  conftest.c    >&5
configure:3194: $? = 0
configure:3242: result: yes
configure:3245: checking for C compiler default output file name
configure:3247: result: a.out
configure:3253: checking for suffix of executables
configure:3260: /usr/bin/gcc -o conftest -g   -m64  -Wall  -I/usr/local/globus-5.2.4/include/globus -I/usr/local/globus-5.2.4/include/globus/gcc64dbg  -L/usr/local/globus-5.2.4/lib64  -m64  conftest.c    >&5
configure:3264: $? = 0
configure:3286: result: 
configure:3308: checking whether we are cross compiling
configure:3316: /usr/bin/gcc -o conftest -g   -m64  -Wall  -I/usr/local/globus-5.2.4/include/globus -I/usr/local/globus-5.2.4/include/globus/gcc64dbg  -L/usr/local/globus-5.2.4/lib64  -m64  conftest.c    >&5
configure:3320: $? = 0
configure:3327: ./conftest
configure:3331: $? = 0
configure:3346: result: no
configure:3351: checking for suffix of object files
configure:3373: /usr/bin/gcc -c -g   -m64  -Wall  -I/usr/local/globus-5.2.4/include/globus -I/usr/local/globus-5.2.4/include/globus/gcc64dbg conftest.c >&5
configure:3377: $? = 0
configure:3398: result: o
configure:3402: checking whether we are using the GNU C compiler
configure:3421: /usr/bin/gcc -c -g   -m64  -Wall  -I/usr/local/globus-5.2.4/include/globus -I/usr/local/globus-5.2.4/include/globus/gcc64dbg conftest.c >&5
configure:3421: $? = 0
configure:3430: result: yes
configure:3439: checking whether /usr/bin/gcc accepts -g
configure:3459: /usr/bin/gcc -c -g  -I/usr/local/globus-5.2.4/include/globus -I/usr/local/globus-5.2.4/include/globus/gcc64dbg conftest.c >&5
configure:3459: $? = 0
configure:3500: result: yes
configure:3517: checking for /usr/bin/gcc option to accept ISO C89
configure:3581: /usr/bin/gcc  -c -g   -m64  -Wall  -I/usr/local/globus-5.2.4/include/globus -I/usr/local/globus-5.2.4/include/globus/gcc64dbg conftest.c >&5
configure:3581: $? = 0
configure:3594: result: none needed
configure:3614: checking for a sed that does not truncate output
configure:3678: result: /bin/sed
configure:3696: checking for grep that handles long lines and -e
configure:3754: result: /bin/grep
configure:3759: checking for egrep
configure:3821: result: /bin/grep -E
configure:3826: checking for fgrep
configure:3888: result: /bin/grep -F
configure:3923: checking for ld used by /usr/bin/gcc
configure:3990: result: /usr/bin/ld
configure:3997: checking if the linker (/usr/bin/ld) is GNU ld
configure:4012: result: yes
configure:4024: checking for BSD- or MS-compatible name lister (nm)
configure:4073: result: /usr/bin/nm -B
configure:4203: checking the name lister (/usr/bin/nm -B) interface
configure:4210: /usr/bin/gcc -c -g   -m64  -Wall  -I/usr/local/globus-5.2.4/include/globus -I/usr/local/globus-5.2.4/include/globus/gcc64dbg conftest.c >&5
configure:4213: /usr/bin/nm -B "conftest.o"
configure:4216: output
0000000000000000 B some_variable
configure:4223: result: BSD nm
configure:4226: checking whether ln -s works
configure:4230: result: yes
configure:4238: checking the maximum length of command line arguments
configure:4363: result: 1966080
configure:4380: checking whether the shell understands some XSI constructs
configure:4390: result: yes
configure:4394: checking whether the shell understands "+="
configure:4400: result: yes
configure:4435: checking how to convert x86_64-unknown-linux-gnu file names to x86_64-unknown-linux-gnu format
configure:4475: result: func_convert_file_noop
configure:4482: checking how to convert x86_64-unknown-linux-gnu file names to toolchain format
configure:4502: result: func_convert_file_noop
configure:4509: checking for /usr/bin/ld option to reload object files
configure:4516: result: -r
configure:4590: checking for objdump
configure:4606: found /usr/bin/objdump
configure:4617: result: objdump
configure:4649: checking how to recognize dependent libraries
configure:4851: result: pass_all
configure:4936: checking for dlltool
configure:4966: result: no
configure:4996: checking how to associate runtime and link libraries
configure:5023: result: printf %s\n
configure:5148: checking for archiver @FILE support
configure:5165: /usr/bin/gcc -c -g   -m64  -Wall  -I/usr/local/globus-5.2.4/include/globus -I/usr/local/globus-5.2.4/include/globus/gcc64dbg conftest.c >&5
configure:5165: $? = 0
configure:5168: /usr/bin/ar cru libconftest.a @conftest.lst >&5
configure:5171: $? = 0
configure:5176: /usr/bin/ar cru libconftest.a @conftest.lst >&5
/usr/bin/ar: conftest.o: No such file or directory
configure:5179: $? = 1
configure:5191: result: @
configure:5249: checking for strip
configure:5265: found /usr/bin/strip
configure:5276: result: strip
configure:5348: checking for ranlib
configure:5375: result: /usr/bin/ranlib
configure:5452: checking for gawk
configure:5468: found /usr/bin/gawk
configure:5479: result: gawk
configure:5519: checking command to parse /usr/bin/nm -B output from /usr/bin/gcc object
configure:5638: /usr/bin/gcc -c -g   -m64  -Wall  -I/usr/local/globus-5.2.4/include/globus -I/usr/local/globus-5.2.4/include/globus/gcc64dbg conftest.c >&5
configure:5641: $? = 0
configure:5645: /usr/bin/nm -B conftest.o \| sed -n -e 's/^.*[ ]\([ABCDGIRSTW][ABCDGIRSTW]*\)[ ][ ]*\([_A-Za-z][_A-Za-z0-9]*\)$/\1 \2 \2/p' | sed '/ __gnu_lto/d' \> conftest.nm
configure:5648: $? = 0
configure:5714: /usr/bin/gcc -o conftest -g   -m64  -Wall  -I/usr/local/globus-5.2.4/include/globus -I/usr/local/globus-5.2.4/include/globus/gcc64dbg  -L/usr/local/globus-5.2.4/lib64  -m64  conftest.c conftstm.o >&5
configure:5717: $? = 0
configure:5755: result: ok
configure:5792: checking for sysroot
configure:5822: result: no
configure:5899: /usr/bin/gcc -c -g   -m64  -Wall  -I/usr/local/globus-5.2.4/include/globus -I/usr/local/globus-5.2.4/include/globus/gcc64dbg conftest.c >&5
configure:5902: $? = 0
configure:6065: checking for mt
configure:6095: result: no
configure:6115: checking if : is a manifest tool
configure:6121: : '-?'
configure:6129: result: no
configure:6761: checking how to run the C preprocessor
configure:6831: result: /usr/bin/gcc -E
configure:6851: /usr/bin/gcc -E  -I/usr/local/globus-5.2.4/include/globus -I/usr/local/globus-5.2.4/include/globus/gcc64dbg conftest.c
configure:6851: $? = 0
configure:6865: /usr/bin/gcc -E  -I/usr/local/globus-5.2.4/include/globus -I/usr/local/globus-5.2.4/include/globus/gcc64dbg conftest.c
conftest.c:9:28: error: ac_nonexistent.h: No such file or directory
configure:6865: $? = 1
configure: failed program was:
| /* confdefs.h */
| #define PACKAGE_NAME ""
| #define PACKAGE_TARNAME ""
| #define PACKAGE_VERSION ""
| #define PACKAGE_STRING ""
| #define PACKAGE_BUGREPORT ""
| #define PACKAGE_URL ""
| /* end confdefs.h.  */
| #include <ac_nonexistent.h>
configure:6894: checking for ANSI C header files
configure:6914: /usr/bin/gcc -c -g   -m64  -Wall  -I/usr/local/globus-5.2.4/include/globus -I/usr/local/globus-5.2.4/include/globus/gcc64dbg conftest.c >&5
configure:6914: $? = 0
configure:6987: /usr/bin/gcc -o conftest -g   -m64  -Wall  -I/usr/local/globus-5.2.4/include/globus -I/usr/local/globus-5.2.4/include/globus/gcc64dbg  -L/usr/local/globus-5.2.4/lib64  -m64  conftest.c    >&5
configure:6987: $? = 0
configure:6987: ./conftest
configure:6987: $? = 0
configure:6998: result: yes
configure:7011: checking for sys/types.h
configure:7011: /usr/bin/gcc -c -g   -m64  -Wall  -I/usr/local/globus-5.2.4/include/globus -I/usr/local/globus-5.2.4/include/globus/gcc64dbg conftest.c >&5
configure:7011: $? = 0
configure:7011: result: yes
configure:7011: checking for sys/stat.h
configure:7011: /usr/bin/gcc -c -g   -m64  -Wall  -I/usr/local/globus-5.2.4/include/globus -I/usr/local/globus-5.2.4/include/globus/gcc64dbg conftest.c >&5
configure:7011: $? = 0
configure:7011: result: yes
configure:7011: checking for stdlib.h
configure:7011: /usr/bin/gcc -c -g   -m64  -Wall  -I/usr/local/globus-5.2.4/include/globus -I/usr/local/globus-5.2.4/include/globus/gcc64dbg conftest.c >&5
configure:7011: $? = 0
configure:7011: result: yes
configure:7011: checking for string.h
configure:7011: /usr/bin/gcc -c -g   -m64  -Wall  -I/usr/local/globus-5.2.4/include/globus -I/usr/local/globus-5.2.4/include/globus/gcc64dbg conftest.c >&5
configure:7011: $? = 0
configure:7011: result: yes
configure:7011: checking for memory.h
configure:7011: /usr/bin/gcc -c -g   -m64  -Wall  -I/usr/local/globus-5.2.4/include/globus -I/usr/local/globus-5.2.4/include/globus/gcc64dbg conftest.c >&5
configure:7011: $? = 0
configure:7011: result: yes
configure:7011: checking for strings.h
configure:7011: /usr/bin/gcc -c -g   -m64  -Wall  -I/usr/local/globus-5.2.4/include/globus -I/usr/local/globus-5.2.4/include/globus/gcc64dbg conftest.c >&5
configure:7011: $? = 0
configure:7011: result: yes
configure:7011: checking for inttypes.h
configure:7011: /usr/bin/gcc -c -g   -m64  -Wall  -I/usr/local/globus-5.2.4/include/globus -I/usr/local/globus-5.2.4/include/globus/gcc64dbg conftest.c >&5
configure:7011: $? = 0
configure:7011: result: yes
configure:7011: checking for stdint.h
configure:7011: /usr/bin/gcc -c -g   -m64  -Wall  -I/usr/local/globus-5.2.4/include/globus -I/usr/local/globus-5.2.4/include/globus/gcc64dbg conftest.c >&5
configure:7011: $? = 0
configure:7011: result: yes
configure:7011: checking for unistd.h
configure:7011: /usr/bin/gcc -c -g   -m64  -Wall  -I/usr/local/globus-5.2.4/include/globus -I/usr/local/globus-5.2.4/include/globus/gcc64dbg conftest.c >&5
configure:7011: $? = 0
configure:7011: result: yes
configure:7025: checking for dlfcn.h
configure:7025: /usr/bin/gcc -c -g   -m64  -Wall  -I/usr/local/globus-5.2.4/include/globus -I/usr/local/globus-5.2.4/include/globus/gcc64dbg conftest.c >&5
configure:7025: $? = 0
configure:7025: result: yes
configure:7212: checking for objdir
configure:7227: result: .libs
configure:7494: checking if /usr/bin/gcc supports -fno-rtti -fno-exceptions
configure:7512: /usr/bin/gcc -c -g   -m64  -Wall  -I/usr/local/globus-5.2.4/include/globus -I/usr/local/globus-5.2.4/include/globus/gcc64dbg -fno-rtti -fno-exceptions conftest.c >&5
cc1: warning: command line option "-fno-rtti" is valid for C++/ObjC++ but not for C
configure:7516: $? = 0
configure:7529: result: no
configure:7839: checking for /usr/bin/gcc option to produce PIC
configure:7846: result: -fPIC -DPIC
configure:7854: checking if /usr/bin/gcc PIC flag -fPIC -DPIC works
configure:7872: /usr/bin/gcc -c -g   -m64  -Wall  -I/usr/local/globus-5.2.4/include/globus -I/usr/local/globus-5.2.4/include/globus/gcc64dbg -fPIC -DPIC -DPIC conftest.c >&5
configure:7876: $? = 0
configure:7889: result: yes
configure:7918: checking if /usr/bin/gcc static flag -static works
configure:7946: result: no
configure:7961: checking if /usr/bin/gcc supports -c -o file.o
configure:7982: /usr/bin/gcc -c -g   -m64  -Wall  -I/usr/local/globus-5.2.4/include/globus -I/usr/local/globus-5.2.4/include/globus/gcc64dbg -o out/conftest2.o conftest.c >&5
configure:7986: $? = 0
configure:8008: result: yes
configure:8016: checking if /usr/bin/gcc supports -c -o file.o
configure:8063: result: yes
configure:8096: checking whether the /usr/bin/gcc linker (/usr/bin/ld -m elf_x86_64) supports shared libraries
configure:9254: result: yes
configure:9291: checking whether -lc should be explicitly linked in
configure:9299: /usr/bin/gcc -c -g   -m64  -Wall  -I/usr/local/globus-5.2.4/include/globus -I/usr/local/globus-5.2.4/include/globus/gcc64dbg conftest.c >&5
configure:9302: $? = 0
configure:9317: /usr/bin/gcc -shared  -fPIC -DPIC conftest.o  -v -Wl,-soname -Wl,conftest -o conftest 2\>\&1 \| /bin/grep  -lc  \>/dev/null 2\>\&1
configure:9320: $? = 0
configure:9334: result: no
configure:9499: checking dynamic linker characteristics
configure:10013: /usr/bin/gcc -o conftest -g   -m64  -Wall  -I/usr/local/globus-5.2.4/include/globus -I/usr/local/globus-5.2.4/include/globus/gcc64dbg  -L/usr/local/globus-5.2.4/lib64  -m64  -Wl,-rpath -Wl,/foo conftest.c    >&5
configure:10013: $? = 0
configure:10239: result: GNU/Linux ld.so
configure:10346: checking how to hardcode library paths into programs
configure:10371: result: immediate
configure:10911: checking whether stripping libraries is possible
configure:10916: result: yes
configure:10951: checking if libtool supports shared libraries
configure:10953: result: yes
configure:10956: checking whether to build shared libraries
configure:10977: result: yes
configure:10980: checking whether to build static libraries
configure:10984: result: yes
configure:11037: checking for a BSD-compatible install
configure:11105: result: /usr/bin/install -c
configure:11116: checking whether build environment is sane
configure:11166: result: yes
configure:11307: checking for a thread-safe mkdir -p
configure:11346: result: /bin/mkdir -p
configure:11355: checking whether make sets $(MAKE)
configure:11377: result: yes
configure:11407: checking for style of include used by make
configure:11435: result: GNU
configure:11520: checking dependency style of /usr/bin/gcc
configure:11630: result: none
configure:11888: checking for compress in -lz
configure:11913: /usr/bin/gcc -o conftest -g   -m64  -Wall  -I/usr/local/globus-5.2.4/include/globus -I/usr/local/globus-5.2.4/include/globus/gcc64dbg  -L/usr/local/globus-5.2.4/lib64  -m64  conftest.c -lz     >&5
configure:11913: $? = 0
configure:11922: result: yes
configure:11933: checking for lzo1x_decompress in -llzo
configure:11958: /usr/bin/gcc -o conftest -g   -m64  -Wall  -I/usr/local/globus-5.2.4/include/globus -I/usr/local/globus-5.2.4/include/globus/gcc64dbg  -L/usr/local/globus-5.2.4/lib64  -m64  conftest.c -llzo  -lz    >&5
/usr/bin/ld: cannot find -llzo
collect2: ld returned 1 exit status
configure:11958: $? = 1
configure: failed program was:
| /* confdefs.h */
| #define PACKAGE_NAME ""
| #define PACKAGE_TARNAME ""
| #define PACKAGE_VERSION ""
| #define PACKAGE_STRING ""
| #define PACKAGE_BUGREPORT ""
| #define PACKAGE_URL ""
| #define STDC_HEADERS 1
| #define HAVE_SYS_TYPES_H 1
| #define HAVE_SYS_STAT_H 1
| #define HAVE_STDLIB_H 1
| #define HAVE_STRING_H 1
| #define HAVE_MEMORY_H 1
| #define HAVE_STRINGS_H 1
| #define HAVE_INTTYPES_H 1
| #define HAVE_STDINT_H 1
| #define HAVE_UNISTD_H 1
| #define HAVE_DLFCN_H 1
| #define LT_OBJDIR ".libs/"
| #define PACKAGE "globus_xio_compression_driver"
| #define VERSION "0.9"
| #define HAVE_LIBZ 1
| /* end confdefs.h.  */
| 
| /* Override any GCC internal prototype to avoid an error.
|    Use char because int might match the return type of a GCC
|    builtin and then its argument prototype would still apply.  */
| #ifdef __cplusplus
| extern "C"
| #endif
| char lzo1x_decompress ();
| int
| main ()
| {
| return lzo1x_decompress ();
|   ;
|   return 0;
| }
configure:11967: result: no
configure:12161: creating ./config.status

## ---------------------- ##
## Running config.status. ##
## ---------------------- ##

This file was extended by config.status, which was
generated by GNU Autoconf 2.68.  Invocation command line was

  CONFIG_FILES    = 
  CONFIG_HEADERS  = 
  CONFIG_LINKS    = 
  CONFIG_COMMANDS = 
  $ ./config.status 

on localhost.localdomain

config.status:1111: creating pkgdata/globus-xio-compression-driver.pc
config.status:1111: creating Makefile
config.status:1111: creating pkgdata/Makefile
config.status:1111: creating pkgdata/pkg_data_src.gpt
config.status:1111: creating version.h
config.status:1288: executing libtool commands
config.status:1288: executing depfiles commands

## ---------------- ##
## Cache variables. ##
## ---------------- ##

ac_cv_build=x86_64-unknown-linux-gnu
ac_cv_c_compiler_gnu=yes
ac_cv_env_CC_set=
ac_cv_env_CC_value=
ac_cv_env_CFLAGS_set=
ac_cv_env_CFLAGS_value=
ac_cv_env_CPPFLAGS_set=
ac_cv_env_CPPFLAGS_value=
ac_cv_env_CPP_set=
ac_cv_env_CPP_value=
ac_cv_env_LDFLAGS_set=
ac_cv_env_LDFLAGS_value=
ac_cv_env_LIBS_set=
ac_cv_env_LIBS_value=
ac_cv_env_build_alias_set=
ac_cv_env_build_alias_value=
ac_cv_env_host_alias_set=
ac_cv_env_host_alias_value=
ac_cv_env_target_alias_set=
ac_cv_env_target_alias_value=
ac_cv_header_dlfcn_h=yes
ac_cv_header_inttypes_h=yes
ac_cv_header_memory_h=yes
ac_cv_header_stdc=yes
ac_cv_header_stdint_h=yes
ac_cv_header_stdlib_h=yes
ac_cv_header_string_h=yes
ac_cv_header_strings_h=yes
ac_cv_header_sys_stat_h=yes
ac_cv_header_sys_types_h=yes
ac_cv_header_unistd_h=yes
ac_cv_host=x86_64-unknown-linux-gnu
ac_cv_lib_lzo_lzo1x_decompress=no
ac_cv_lib_z_compress=yes
ac_cv_objext=o
ac_cv_path_EGREP='/bin/grep -E'
ac_cv_path_FGREP='/bin/grep -F'
ac_cv_path_GREP=/bin/grep
ac_cv_path_SED=/bin/sed
ac_cv_path_install='/usr/bin/install -c'
ac_cv_path_mkdir=/bin/mkdir
ac_cv_prog_AWK=gawk
ac_cv_prog_CPP='/usr/bin/gcc -E'
ac_cv_prog_ac_ct_CC=/usr/bin/gcc
ac_cv_prog_ac_ct_OBJDUMP=objdump
ac_cv_prog_ac_ct_RANLIB=/usr/bin/ranlib
ac_cv_prog_ac_ct_STRIP=strip
ac_cv_prog_cc_c89=
ac_cv_prog_cc_g=yes
ac_cv_prog_make_make_set=yes
am_cv_CC_dependencies_compiler_type=none
lt_cv_ar_at_file=@
lt_cv_archive_cmds_need_lc=no
lt_cv_deplibs_check_method=pass_all
lt_cv_file_magic_cmd='$MAGIC_CMD'
lt_cv_file_magic_test_file=
lt_cv_ld_reload_flag=-r
lt_cv_nm_interface='BSD nm'
lt_cv_objdir=.libs
lt_cv_path_LD=/usr/bin/ld
lt_cv_path_NM='/usr/bin/nm -B'
lt_cv_path_mainfest_tool=no
lt_cv_prog_compiler_c_o=yes
lt_cv_prog_compiler_pic='-fPIC -DPIC'
lt_cv_prog_compiler_pic_works=yes
lt_cv_prog_compiler_rtti_exceptions=no
lt_cv_prog_compiler_static_works=no
lt_cv_prog_gnu_ld=yes
lt_cv_sharedlib_from_linklib_cmd='printf %s\n'
lt_cv_shlibpath_overrides_runpath=no
lt_cv_sys_global_symbol_pipe='sed -n -e '\''s/^.*[	 ]\([ABCDGIRSTW][ABCDGIRSTW]*\)[	 ][	 ]*\([_A-Za-z][_A-Za-z0-9]*\)$/\1 \2 \2/p'\'' | sed '\''/ __gnu_lto/d'\'''
lt_cv_sys_global_symbol_to_c_name_address='sed -n -e '\''s/^: \([^ ]*\)[ ]*$/  {\"\1\", (void *) 0},/p'\'' -e '\''s/^[ABCDGIRSTW]* \([^ ]*\) \([^ ]*\)$/  {"\2", (void *) \&\2},/p'\'''
lt_cv_sys_global_symbol_to_c_name_address_lib_prefix='sed -n -e '\''s/^: \([^ ]*\)[ ]*$/  {\"\1\", (void *) 0},/p'\'' -e '\''s/^[ABCDGIRSTW]* \([^ ]*\) \(lib[^ ]*\)$/  {"\2", (void *) \&\2},/p'\'' -e '\''s/^[ABCDGIRSTW]* \([^ ]*\) \([^ ]*\)$/  {"lib\2", (void *) \&\2},/p'\'''
lt_cv_sys_global_symbol_to_cdecl='sed -n -e '\''s/^T .* \(.*\)$/extern int \1();/p'\'' -e '\''s/^[ABCDGIRSTW]* .* \(.*\)$/extern char \1;/p'\'''
lt_cv_sys_max_cmd_len=1966080
lt_cv_to_host_file_cmd=func_convert_file_noop
lt_cv_to_tool_file_cmd=func_convert_file_noop

## ----------------- ##
## Output variables. ##
## ----------------- ##

ACLOCAL='${SHELL} /mnt/hgfs/esjung/Desktop/SrcRepos/globus_xio_compression_driver-0.9/missing --run aclocal-1.11'
AMDEPBACKSLASH='\'
AMDEP_FALSE='#'
AMDEP_TRUE=''
AMTAR='${SHELL} /mnt/hgfs/esjung/Desktop/SrcRepos/globus_xio_compression_driver-0.9/missing --run tar'
AR='/usr/bin/ar'
ARFLAGS='ruv'
AUTOCONF='${SHELL} /mnt/hgfs/esjung/Desktop/SrcRepos/globus_xio_compression_driver-0.9/missing --run autoconf'
AUTOHEADER='${SHELL} /mnt/hgfs/esjung/Desktop/SrcRepos/globus_xio_compression_driver-0.9/missing --run autoheader'
AUTOMAKE='${SHELL} /mnt/hgfs/esjung/Desktop/SrcRepos/globus_xio_compression_driver-0.9/missing --run automake-1.11'
AWK='gawk'
CC='/usr/bin/gcc'
CCDEPMODE='depmode=none'
CFLAGS='-g   -m64  -Wall'
CPP='/usr/bin/gcc -E'
CPPFLAGS=' -I/usr/local/globus-5.2.4/include/globus -I/usr/local/globus-5.2.4/include/globus/gcc64dbg'
CROSS='no'
CXX='g++'
CXXCPP=' -E'
CXXFLAGS='-g   -m64 '
CYGPATH_W='echo'
DEFS='-DPACKAGE_NAME=\"\" -DPACKAGE_TARNAME=\"\" -DPACKAGE_VERSION=\"\" -DPACKAGE_STRING=\"\" -DPACKAGE_BUGREPORT=\"\" -DPACKAGE_URL=\"\" -DSTDC_HEADERS=1 -DHAVE_SYS_TYPES_H=1 -DHAVE_SYS_STAT_H=1 -DHAVE_STDLIB_H=1 -DHAVE_STRING_H=1 -DHAVE_MEMORY_H=1 -DHAVE_STRINGS_H=1 -DHAVE_INTTYPES_H=1 -DHAVE_STDINT_H=1 -DHAVE_UNISTD_H=1 -DHAVE_DLFCN_H=1 -DLT_OBJDIR=\".libs/\" -DPACKAGE=\"globus_xio_compression_driver\" -DVERSION=\"0.9\" -DHAVE_LIBZ=1'
DEPDIR='.deps'
DIRT_BRANCH_ID='1'
DIRT_TIMESTAMP='1137650252'
DLLTOOL='false'
DOT=''
DOXYFILE='Doxyfile'
DOXYGEN=''
DSYMUTIL=''
DUMPBIN=''
ECHO_C=''
ECHO_N='-n'
ECHO_T=''
EGREP='/bin/grep -E'
ENABLE_PROGRAMS_FALSE='#'
ENABLE_PROGRAMS_TRUE=''
EXEEXT=''
F77=''
F77FLAGS=' '
F90=''
F90FLAGS=' '
FGREP='/bin/grep -F'
FILELIST_FILE='/mnt/hgfs/esjung/Desktop/SrcRepos/globus_xio_compression_driver-0.9/pkgdata/master.filelist'
GLOBUS_FLAVOR_NAME='gcc64dbg'
GPT_AGE_VERSION='0'
GPT_CFLAGS=' '
GPT_CONFIG_CFLAGS=' '
GPT_CONFIG_INCLUDES=' '
GPT_CONFIG_LIBS=' -lm '
GPT_CONFIG_PKG_LIBS=' -lglobus_xio -lglobus_common '
GPT_EXTERNAL_INCLUDES=''
GPT_EXTERNAL_LIBS=''
GPT_INCLUDES=' '
GPT_IS_2='yes'
GPT_LDFLAGS=' '
GPT_LIBS=' -lglobus_xio -lglobus_common   -lm '
GPT_LIB_LINKS='-version-info 0:9:0  -lglobus_xio -lglobus_common   -lm '
GPT_LINKTYPE='shared'
GPT_LOCATION='/usr/local/globus-5.2.4'
GPT_MAJOR_VERSION='0'
GPT_MINOR_VERSION='9'
GPT_PGM_LINKS=' -lglobus_xio -lglobus_common   -lm '
GPT_PKGCONFIG_DEPENDENCIES=''
GPT_PKG_CFLAGS=''
GREP='/bin/grep'
HAVE_DOT=''
INSTALL_DATA='${INSTALL} -m 644'
INSTALL_PROGRAM='${INSTALL}'
INSTALL_SCRIPT='${INSTALL}'
INSTALL_STRIP_PROGRAM='$(install_sh) -c -s'
INSURE=''
LD='/usr/bin/ld -m elf_x86_64'
LDFLAGS=' -L/usr/local/globus-5.2.4/lib64  -m64 '
LIBOBJS=''
LIBS='-lz   '
LIBTOOL='$(SHELL) $(top_builddir)/libtool'
LIPO=''
LN_S='ln -s'
LTLIBOBJS=''
MAINT='#'
MAINTAINER_MODE_FALSE=''
MAINTAINER_MODE_TRUE='#'
MAKEINFO='${SHELL} /mnt/hgfs/esjung/Desktop/SrcRepos/globus_xio_compression_driver-0.9/missing --run makeinfo'
MANIFEST_TOOL=':'
MKDIR_P='/bin/mkdir -p'
NM='/usr/bin/nm -B'
NMEDIT=''
OBJDUMP='objdump'
OBJECT_MODE=''
OBJEXT='o'
OTOOL64=''
OTOOL=''
PACKAGE='globus_xio_compression_driver'
PACKAGE_BUGREPORT=''
PACKAGE_NAME=''
PACKAGE_STRING=''
PACKAGE_TARNAME=''
PACKAGE_URL=''
PACKAGE_VERSION=''
PATH_SEPARATOR=':'
PERL='/usr/bin/perl'
RANLIB='/usr/bin/ranlib'
SED='/bin/sed'
SET_MAKE=''
SHELL='/bin/sh'
STRIP='strip'
VERSION='0.9'
WITHOUT_FLAVORS_FALSE=''
WITHOUT_FLAVORS_TRUE='#'
ac_ct_AR=''
ac_ct_CC='/usr/bin/gcc'
ac_ct_DUMPBIN=''
aclocaldir='${datadir}/globus/aclocal'
am__EXEEXT_FALSE=''
am__EXEEXT_TRUE='#'
am__fastdepCC_FALSE=''
am__fastdepCC_TRUE='#'
am__include='include'
am__isrc=''
am__leading_dot='.'
am__quote=''
am__tar='${AMTAR} chof - "$$tardir"'
am__untar='${AMTAR} xf -'
bindir='${exec_prefix}/bin'
build='x86_64-unknown-linux-gnu'
build_alias=''
build_cpu='x86_64'
build_os='linux-gnu'
build_vendor='unknown'
builddir='/mnt/hgfs/esjung/Desktop/SrcRepos/globus_xio_compression_driver-0.9'
cross_compiling='no'
datadir='${prefix}/share'
datarootdir='${prefix}/share'
docdir='${datarootdir}/doc/${PACKAGE}'
doxygendir='/usr/local/globus-5.2.4/share/doxygen'
dvidir='${docdir}'
exec_prefix='${prefix}'
flavorincludedir='${includedir}/${GLOBUS_FLAVOR_NAME}'
host='x86_64-unknown-linux-gnu'
host_alias=''
host_cpu='x86_64'
host_os='linux-gnu'
host_vendor='unknown'
htmldir='${docdir}'
includedir='${prefix}/include/globus'
infodir='${datarootdir}/info'
install_sh='${SHELL} /mnt/hgfs/esjung/Desktop/SrcRepos/globus_xio_compression_driver-0.9/install-sh'
lac_doxygen_examples=''
lac_doxygen_file_patterns=''
lac_doxygen_input_filter=''
lac_doxygen_installdox=''
lac_doxygen_internal_tagfiles=''
lac_doxygen_output_tagfile=''
lac_doxygen_predefines=''
lac_doxygen_project=''
lac_doxygen_srcdirs=''
lac_doxygen_tagfiles=''
libdir='${exec_prefix}/lib64'
libexecdir='${datadir}/globus'
localedir='${datarootdir}/locale'
localstatedir='${prefix}/var'
mandir='${prefix}/man'
mkdir_p='/bin/mkdir -p'
oldincludedir='/usr/include'
pdfdir='${docdir}'
perlmoduledir='${prefix}/lib/perl'
pkgconfdir='${libdir}/pkgconfig'
pkgconffile='globus-xio-compression-driver.pc'
pkgconffile_in='pkg_data_src.pc.in'
pkgdir='${datadir}/globus/packages/${PACKAGE}'
prefix='/usr/local/globus-5.2.4'
program_transform_name='s,x,x,'
psdir='${docdir}'
sbindir='${exec_prefix}/sbin'
setupdir='${prefix}/setup/globus'
sharedstatedir='${prefix}/com'
sysconfdir='${prefix}/etc'
target_alias=''
testdir='${prefix}/test/${PACKAGE}'

## ------------------- ##
## File substitutions. ##
## ------------------- ##

GLOBUS_LIBDIR_CHOICE='globus-script-libdir-choice'
GLOBUS_PERL_INITIALIZER='globus-perl-initializer'
GLOBUS_PERL_LIBDIR_CHOICE='globus-perl-libdir-choice'
GLOBUS_SCRIPT_INITIALIZER='globus-script-initializer'

## ----------- ##
## confdefs.h. ##
## ----------- ##

/* confdefs.h */
#define PACKAGE_NAME ""
#define PACKAGE_TARNAME ""
#define PACKAGE_VERSION ""
#define PACKAGE_STRING ""
#define PACKAGE_BUGREPORT ""
#define PACKAGE_URL ""
#define STDC_HEADERS 1
#define HAVE_SYS_TYPES_H 1
#define HAVE_SYS_STAT_H 1
#define HAVE_STDLIB_H 1
#define HAVE_STRING_H 1
#define HAVE_MEMORY_H 1
#define HAVE_STRINGS_H 1
#define HAVE_INTTYPES_H 1
#define HAVE_STDINT_H 1
#define HAVE_UNISTD_H 1
#define HAVE_DLFCN_H 1
#define LT_OBJDIR ".libs/"
#define PACKAGE "globus_xio_compression_driver"
#define VERSION "0.9"
#define HAVE_LIBZ 1

configure: exit 0
